participant/build/intermediates/manifest_merge_blame_file/debug/manifest-merger-blame-debug-report.txt
1<?xml version="1.0" encoding="utf-8"?>
2<manifest xmlns:android="http://schemas.android.com/apk/res/android"
3    package="edu.gatech.cog.participant"
4    android:versionCode="1"
5    android:versionName="1.0" >
6
7    <uses-sdk
8        android:minSdkVersion="19"
8-->src/main/AndroidManifest.xml
9        android:targetSdkVersion="29" />
9-->src/main/AndroidManifest.xml
10
11    <uses-permission android:name="android.permission.INTERNET" />
11-->src/main/AndroidManifest.xml:6:5-67
11-->src/main/AndroidManifest.xml:6:22-64
12    <uses-permission android:name="com.google.android.glass.permission.DEVELOPMENT" />
12-->src/main/AndroidManifest.xml:7:5-87
12-->src/main/AndroidManifest.xml:7:22-84
13    <uses-permission android:name="android.permission.ACCESS_NETWORK_STATE" />
13-->[com.sendbird.sdk:sendbird-android-sdk:3.0.117] AndroidManifest.xml:11:5-79
13-->[com.sendbird.sdk:sendbird-android-sdk:3.0.117] AndroidManifest.xml:11:22-76
14
15    <application
15-->src/main/AndroidManifest.xml:9:5-33:19
16        android:name="androidx.multidex.MultiDexApplication"
17        android:allowBackup="true"
17-->src/main/AndroidManifest.xml:10:9-35
18        android:appComponentFactory="androidx.core.app.CoreComponentFactory"
18-->[androidx.core:core:1.1.0] AndroidManifest.xml:24:18-86
19        android:debuggable="true"
20        android:icon="@mipmap/ic_launcher"
20-->src/main/AndroidManifest.xml:11:9-43
21        android:label="@string/app_name"
21-->src/main/AndroidManifest.xml:12:9-41
22        android:roundIcon="@mipmap/ic_launcher_round"
22-->src/main/AndroidManifest.xml:13:9-54
23        android:supportsRtl="true"
23-->src/main/AndroidManifest.xml:14:9-35
24        android:testOnly="true"
25        android:theme="@style/Theme.AppCompat.Light.NoActionBar.Fullscreen" >
25-->src/main/AndroidManifest.xml:15:9-76
26        <activity android:name="edu.gatech.cog.participant.MainActivity" >
26-->src/main/AndroidManifest.xml:17:9-32:20
26-->src/main/AndroidManifest.xml:17:19-47
27            <intent-filter>
27-->src/main/AndroidManifest.xml:18:13-23:29
28                <action android:name="android.intent.action.MAIN" />
28-->src/main/AndroidManifest.xml:19:17-69
28-->src/main/AndroidManifest.xml:19:25-66
29
30                <category android:name="android.intent.category.LAUNCHER" />
30-->src/main/AndroidManifest.xml:21:17-77
30-->src/main/AndroidManifest.xml:21:27-74
31                <category android:name="com.google.android.glass.category.DIRECTORY" />
31-->src/main/AndroidManifest.xml:22:17-88
31-->src/main/AndroidManifest.xml:22:27-85
32            </intent-filter>
33            <intent-filter>
33-->src/main/AndroidManifest.xml:25:13-27:29
34                <action android:name="com.google.android.glass.action.VOICE_TRIGGER" />
34-->src/main/AndroidManifest.xml:26:17-88
34-->src/main/AndroidManifest.xml:26:25-85
35            </intent-filter>
36
37            <meta-data
37-->src/main/AndroidManifest.xml:29:13-31:57
38                android:name="com.google.android.glass.VoiceTrigger"
38-->src/main/AndroidManifest.xml:30:17-69
39                android:resource="@xml/voice_trigger" />
39-->src/main/AndroidManifest.xml:31:17-54
40        </activity>
41
42        <provider
42-->[com.sendbird.sdk:sendbird-android-sdk:3.0.117] AndroidManifest.xml:14:9-18:39
43            android:name="com.sendbird.android.SendBirdInitProvider"
43-->[com.sendbird.sdk:sendbird-android-sdk:3.0.117] AndroidManifest.xml:15:13-69
44            android:authorities="edu.gatech.cog.participant.sendbirdinitprovider"
44-->[com.sendbird.sdk:sendbird-android-sdk:3.0.117] AndroidManifest.xml:16:13-72
45            android:exported="false"
45-->[com.sendbird.sdk:sendbird-android-sdk:3.0.117] AndroidManifest.xml:17:13-37
46            android:initOrder="100" />
46-->[com.sendbird.sdk:sendbird-android-sdk:3.0.117] AndroidManifest.xml:18:13-36
47    </application>
48
49</manifest>